<?xml version="1.0" encoding="UTF-8"?>
<!-- Generated by org.testng.reporters.JUnitReportReporter -->
<testsuite hostname="VIPIN" failures="0" tests="1" name="crudOperationWithBDDFeature.DeleteProject" time="3.874" errors="0" timestamp="2021-11-11T11:36:07 IST" skipped="0">
  <testcase classname="crudOperationWithBDDFeature.DeleteProject" name="deleteProject" time="3.874"/>
  <system-out/>
</testsuite> <!-- crudOperationWithBDDFeature.DeleteProject -->
