<?xml version="1.0" encoding="UTF-8"?>
<!-- Generated by org.testng.reporters.JUnitReportReporter -->
<testsuite hostname="VIPIN" failures="0" tests="1" name="com.rmgyantra.APITestCases.AddProjectWithOnCreatedStatus" time="6.027" errors="0" timestamp="2021-11-12T13:28:15 IST" skipped="0">
  <testcase classname="com.rmgyantra.APITestCases.AddProjectWithOnCreatedStatus" name="addProjectWithCompletedStatusTest" time="6.027"/>
  <system-out/>
</testsuite> <!-- com.rmgyantra.APITestCases.AddProjectWithOnCreatedStatus -->
