<?xml version="1.0" encoding="UTF-8"?>
<!-- Generated by org.testng.reporters.JUnitReportReporter -->
<testsuite hostname="VIPIN" failures="0" tests="1" name="typesOfParameter.GithubParam" time="4.205" errors="0" timestamp="2021-11-12T00:18:19 IST" skipped="0">
  <testcase classname="typesOfParameter.GithubParam" name="git" time="4.205"/>
  <system-out/>
</testsuite> <!-- typesOfParameter.GithubParam -->
