<?xml version="1.0" encoding="UTF-8"?>
<!-- Generated by org.testng.reporters.JUnitReportReporter -->
<testsuite hostname="VIPIN" failures="0" tests="1" name="typesOfParameter.FormParameter" time="3.320" errors="0" timestamp="2021-11-12T00:00:56 IST" skipped="0">
  <testcase classname="typesOfParameter.FormParameter" name="formParameterTest" time="3.320"/>
  <system-out/>
</testsuite> <!-- typesOfParameter.FormParameter -->
