<?xml version="1.0" encoding="UTF-8"?>
<!-- Generated by org.testng.reporters.JUnitReportReporter -->
<testsuite hostname="VIPIN" failures="0" tests="1" name="crudOperationWithBDDFeature.UpdateProject" time="3.836" errors="0" timestamp="2021-11-11T11:41:38 IST" skipped="0">
  <testcase classname="crudOperationWithBDDFeature.UpdateProject" name="updateProject" time="3.836"/>
  <system-out/>
</testsuite> <!-- crudOperationWithBDDFeature.UpdateProject -->
