<?xml version="1.0" encoding="UTF-8"?>
<!-- Generated by org.testng.reporters.JUnitReportReporter -->
<testsuite hostname="VIPIN" failures="0" tests="1" name="validation_Response.StaticValidateResponse" time="9.407" errors="0" timestamp="2021-11-11T15:26:53 IST" skipped="0">
  <testcase classname="validation_Response.StaticValidateResponse" name="validateResponse" time="9.407"/>
  <system-out/>
</testsuite> <!-- validation_Response.StaticValidateResponse -->
