<?xml version="1.0" encoding="UTF-8"?>
<!-- Generated by org.testng.reporters.JUnitReportReporter -->
<testsuite hostname="VIPIN" failures="0" tests="1" name="differentWaysToCreateProject.CreateProjectUsingPojoClass" time="3.986" errors="0" timestamp="2021-11-11T13:16:36 IST" skipped="0">
  <testcase classname="differentWaysToCreateProject.CreateProjectUsingPojoClass" name="createProject" time="3.986"/>
  <system-out/>
</testsuite> <!-- differentWaysToCreateProject.CreateProjectUsingPojoClass -->
