<?xml version="1.0" encoding="UTF-8"?>
<!-- Generated by org.testng.reporters.JUnitReportReporter -->
<testsuite hostname="VIPIN" failures="0" tests="1" name="differentWaysToCreateProject.CreateProjectWithJSONObject" time="5.029" errors="0" timestamp="2021-11-11T12:49:22 IST" skipped="0">
  <testcase classname="differentWaysToCreateProject.CreateProjectWithJSONObject" name="createProject" time="5.029"/>
  <system-out/>
</testsuite> <!-- differentWaysToCreateProject.CreateProjectWithJSONObject -->
