<?xml version="1.0" encoding="UTF-8"?>
<!-- Generated by org.testng.reporters.JUnitReportReporter -->
<testsuite hostname="VIPIN" failures="0" tests="1" name="crud_Operation.GetProject" time="4.435" errors="0" timestamp="2021-11-11T15:24:59 IST" skipped="0">
  <testcase classname="crud_Operation.GetProject" name="getProject" time="4.435"/>
  <system-out/>
</testsuite> <!-- crud_Operation.GetProject -->
