<?xml version="1.0" encoding="UTF-8"?>
<!-- Generated by org.testng.reporters.JUnitReportReporter -->
<testsuite hostname="VIPIN" failures="0" tests="1" name="differentWaysToCreateProject.CreateProjectUsingJSONFile" time="3.583" errors="0" timestamp="2021-11-11T13:03:10 IST" skipped="0">
  <testcase classname="differentWaysToCreateProject.CreateProjectUsingJSONFile" name="createProject" time="3.583"/>
  <system-out/>
</testsuite> <!-- differentWaysToCreateProject.CreateProjectUsingJSONFile -->
