<?xml version="1.0" encoding="UTF-8"?>
<!-- Generated by org.testng.reporters.JUnitReportReporter -->
<testsuite hostname="VIPIN" failures="0" tests="1" name="requestChaining.Chaining" time="4.964" errors="0" timestamp="2021-11-12T00:20:53 IST" skipped="0">
  <testcase classname="requestChaining.Chaining" name="requestTest" time="4.964"/>
  <system-out/>
</testsuite> <!-- requestChaining.Chaining -->
