<?xml version="1.0" encoding="UTF-8"?>
<!-- Generated by org.testng.reporters.JUnitReportReporter -->
<testsuite hostname="VIPIN" failures="0" tests="1" name="differentWaysToCreateProject.CreateProjectUsingHashMap" time="10.397" errors="0" timestamp="2021-11-11T12:49:02 IST" skipped="0">
  <testcase classname="differentWaysToCreateProject.CreateProjectUsingHashMap" name="createProject" time="10.397"/>
  <system-out/>
</testsuite> <!-- differentWaysToCreateProject.CreateProjectUsingHashMap -->
