<?xml version="1.0" encoding="UTF-8"?>
<!-- Generated by org.testng.reporters.JUnitReportReporter -->
<testsuite hostname="VIPIN" failures="0" tests="1" name="crud_Operation.DeleteProject" time="3.765" errors="0" timestamp="2021-11-10T17:58:14 IST" skipped="0">
  <testcase classname="crud_Operation.DeleteProject" name="deleteProject" time="3.765"/>
  <system-out/>
</testsuite> <!-- crud_Operation.DeleteProject -->
