<?xml version="1.0" encoding="UTF-8"?>
<!-- Generated by org.testng.reporters.JUnitReportReporter -->
<testsuite hostname="VIPIN" failures="0" tests="1" name="typesOfParameter.QueryParameter" time="4.073" errors="0" timestamp="2021-11-12T00:12:10 IST" skipped="0">
  <testcase classname="typesOfParameter.QueryParameter" name="query" time="4.073"/>
  <system-out/>
</testsuite> <!-- typesOfParameter.QueryParameter -->
