<?xml version="1.0" encoding="UTF-8"?>
<!-- Generated by org.testng.reporters.JUnitReportReporter -->
<testsuite hostname="VIPIN" failures="0" tests="1" name="com.rmgyantra.APITestCases.AddProjectWithCompletedStatus" time="7.442" errors="0" timestamp="2021-11-12T13:07:49 IST" skipped="0">
  <testcase classname="com.rmgyantra.APITestCases.AddProjectWithCompletedStatus" name="addProjectWithCompletedStatusTest" time="7.442"/>
  <system-out/>
</testsuite> <!-- com.rmgyantra.APITestCases.AddProjectWithCompletedStatus -->
