<?xml version="1.0" encoding="UTF-8"?>
<!-- Generated by org.testng.reporters.JUnitReportReporter -->
<testsuite hostname="VIPIN" failures="0" tests="1" name="crudOperationWithBDDFeature.CreateProject" time="4.192" errors="0" timestamp="2021-11-11T11:53:11 IST" skipped="0">
  <testcase classname="crudOperationWithBDDFeature.CreateProject" name="createProject" time="4.192"/>
  <system-out/>
</testsuite> <!-- crudOperationWithBDDFeature.CreateProject -->
