<?xml version="1.0" encoding="UTF-8"?>
<!-- Generated by org.testng.reporters.JUnitReportReporter -->
<testsuite hostname="VIPIN" failures="0" tests="1" name="crud_Operation.UpdateProject" time="4.889" errors="0" timestamp="2021-11-10T18:11:53 IST" skipped="0">
  <testcase classname="crud_Operation.UpdateProject" name="updateProject" time="4.889"/>
  <system-out/>
</testsuite> <!-- crud_Operation.UpdateProject -->
