<?xml version="1.0" encoding="UTF-8"?>
<!-- Generated by org.testng.reporters.JUnitReportReporter -->
<testsuite hostname="VIPIN" failures="0" tests="2" name="validation_Response.PostRequestWithMultipleData" time="4.538" errors="0" timestamp="2021-11-11T23:37:09 IST" skipped="0">
  <testcase classname="validation_Response.PostRequestWithMultipleData" name="multipleData" time="4.428"/>
  <system-out/>
  <testcase classname="validation_Response.PostRequestWithMultipleData" name="multipleData" time="0.110"/>
  <system-out/>
</testsuite> <!-- validation_Response.PostRequestWithMultipleData -->
