<?xml version="1.0" encoding="UTF-8"?>
<!-- Generated by org.testng.reporters.JUnitReportReporter -->
<testsuite hostname="VIPIN" failures="0" tests="1" name="validation_Response.DynamicValidateResponse" time="4.344" errors="0" timestamp="2021-11-11T15:41:30 IST" skipped="0">
  <testcase classname="validation_Response.DynamicValidateResponse" name="validateResponse" time="4.344"/>
  <system-out/>
</testsuite> <!-- validation_Response.DynamicValidateResponse -->
