<?xml version="1.0" encoding="UTF-8"?>
<!-- Generated by org.testng.reporters.JUnitReportReporter -->
<testsuite hostname="VIPIN" failures="0" tests="1" name="crud_Operation.CreateProject" time="6.094" errors="0" timestamp="2021-11-10T17:53:37 IST" skipped="0">
  <testcase classname="crud_Operation.CreateProject" name="creatProject" time="6.094"/>
  <system-out/>
</testsuite> <!-- crud_Operation.CreateProject -->
