<?xml version="1.0" encoding="UTF-8"?>
<!-- Generated by org.testng.reporters.JUnitReportReporter -->
<testsuite hostname="VIPIN" failures="0" tests="1" name="com.rmgyantra.APITestCases.AddProjectWithOnGoingStatus" time="4.998" errors="0" timestamp="2021-11-12T13:27:11 IST" skipped="0">
  <testcase classname="com.rmgyantra.APITestCases.AddProjectWithOnGoingStatus" name="addProjectWithCompletedStatusTest" time="4.998"/>
  <system-out/>
</testsuite> <!-- com.rmgyantra.APITestCases.AddProjectWithOnGoingStatus -->
