<?xml version="1.0" encoding="UTF-8"?>
<!-- Generated by org.testng.reporters.JUnitReportReporter -->
<testsuite hostname="VIPIN" failures="0" tests="1" name="crudOperationWithBDDFeature.GetAllProjects" time="4.129" errors="0" timestamp="2021-11-11T11:25:25 IST" skipped="0">
  <testcase classname="crudOperationWithBDDFeature.GetAllProjects" name="getProject" time="4.129"/>
  <system-out/>
</testsuite> <!-- crudOperationWithBDDFeature.GetAllProjects -->
